proguard-project.txt
 # -keeppackagenames org.jsoup.nodes
 
 # Preserve Android support libraries` classes and interfaces
-keep class android.support.** { *; }
-keep interface android.support.** { *; }