proguard/seeds.txt
com.spicymango.fanfictionreader.BrowseMenu
com.spicymango.fanfictionreader.BrowseMenu: BrowseMenu()
com.spicymango.fanfictionreader.LibraryDownloader
com.spicymango.fanfictionreader.LibraryDownloader: LibraryDownloader()
com.spicymango.fanfictionreader.LibraryDownloader$Result: com.spicymango.fanfictionreader.LibraryDownloader$Result[] values()
com.spicymango.fanfictionreader.LibraryDownloader$Result: com.spicymango.fanfictionreader.LibraryDownloader$Result valueOf(java.lang.String)
com.spicymango.fanfictionreader.MainMenu
com.spicymango.fanfictionreader.MainMenu: MainMenu()
com.spicymango.fanfictionreader.MainMenu: void onClick(android.content.DialogInterface,int)
com.spicymango.fanfictionreader.R$anim: int abc_fade_in
com.spicymango.fanfictionreader.R$anim: int abc_fade_out
com.spicymango.fanfictionreader.R$anim: int abc_slide_in_bottom
com.spicymango.fanfictionreader.R$anim: int abc_slide_in_top
com.spicymango.fanfictionreader.R$anim: int abc_slide_out_bottom
com.spicymango.fanfictionreader.R$anim: int abc_slide_out_top
com.spicymango.fanfictionreader.R$array: int category_button_community
com.spicymango.fanfictionreader.R$array: int category_button_normal
com.spicymango.fanfictionreader.R$array: int menu_library_filter_words
com.spicymango.fanfictionreader.R$array: int menu_library_sort_by
com.spicymango.fanfictionreader.R$array: int menu_navigation_filter_crossover
com.spicymango.fanfictionreader.R$array: int menu_search_by
com.spicymango.fanfictionreader.R$array: int pref_orientation_entries
com.spicymango.fanfictionreader.R$array: int pref_orientation_values
com.spicymango.fanfictionreader.R$array: int pref_text_size_entries
com.spicymango.fanfictionreader.R$array: int pref_text_size_values
com.spicymango.fanfictionreader.R$array: int pref_theme_entries
com.spicymango.fanfictionreader.R$array: int pref_theme_values
com.spicymango.fanfictionreader.R$attr: int actionBarDivider
com.spicymango.fanfictionreader.R$attr: int actionBarItemBackground
com.spicymango.fanfictionreader.R$attr: int actionBarSize
com.spicymango.fanfictionreader.R$attr: int actionBarSplitStyle
com.spicymango.fanfictionreader.R$attr: int actionBarStyle
com.spicymango.fanfictionreader.R$attr: int actionBarTabBarStyle
com.spicymango.fanfictionreader.R$attr: int actionBarTabStyle
com.spicymango.fanfictionreader.R$attr: int actionBarTabTextStyle
com.spicymango.fanfictionreader.R$attr: int actionBarWidgetTheme
com.spicymango.fanfictionreader.R$attr: int actionButtonStyle
com.spicymango.fanfictionreader.R$attr: int actionDropDownStyle
com.spicymango.fanfictionreader.R$attr: int actionLayout
com.spicymango.fanfictionreader.R$attr: int actionMenuTextAppearance
com.spicymango.fanfictionreader.R$attr: int actionMenuTextColor
com.spicymango.fanfictionreader.R$attr: int actionModeBackground
com.spicymango.fanfictionreader.R$attr: int actionModeCloseButtonStyle
com.spicymango.fanfictionreader.R$attr: int actionModeCloseDrawable
com.spicymango.fanfictionreader.R$attr: int actionModeCopyDrawable
com.spicymango.fanfictionreader.R$attr: int actionModeCutDrawable
com.spicymango.fanfictionreader.R$attr: int actionModeFindDrawable
com.spicymango.fanfictionreader.R$attr: int actionModePasteDrawable
com.spicymango.fanfictionreader.R$attr: int actionModePopupWindowStyle
com.spicymango.fanfictionreader.R$bool: int abc_action_bar_embed_tabs_pre_jb
com.spicymango.fanfictionreader.R$bool: int abc_action_bar_expanded_action_views_exclusive
com.spicymango.fanfictionreader.R$bool: int abc_config_actionMenuItemAllCaps
com.spicymango.fanfictionreader.R$bool: int abc_config_allowActionMenuItemTextWithIcon
com.spicymango.fanfictionreader.R$bool: int abc_config_showMenuShortcutsWhenKeyboardPresent
com.spicymango.fanfictionreader.R$bool: int abc_split_action_bar_is_narrow
...
android.support.v4.view.accessibility.AccessibilityRecordCompat$AccessibilityRecordJellyBeanImpl
android.support.v4.view.accessibility.AccessibilityRecordCompat$AccessibilityRecordJellyBeanImpl: AccessibilityRecordCompat$AccessibilityRecordJellyBeanImpl()
android.support.v4.view.accessibility.AccessibilityRecordCompat$AccessibilityRecordJellyBeanImpl: void setSource(java.lang.Object,android.view.View,int)
android.support.v4.view.accessibility.AccessibilityRecordCompat$AccessibilityRecordStubImpl
android.support.v4.view.accessibility.AccessibilityRecordCompat$AccessibilityRecordStubImpl: AccessibilityRecordCompat$AccessibilityRecordStubImpl()
android.support.v4.view.accessibility.AccessibilityRecordCompat$AccessibilityRecordStubImpl: java.lang.Object obtain()
android.support.v4.view.accessibility.AccessibilityRecordCompat$AccessibilityRecordStubImpl: java.lang.Object obtain(java.lang.Object)
android.support.v4.view.accessibility.AccessibilityRecordCompat$AccessibilityRecordStubImpl: int getAddedCount(java.lang.Object)
android.support.v4.view.accessibility.AccessibilityRecordCompat$AccessibilityRecordStubImpl: java.lang.CharSequence getBeforeText(java.lang.Object)
android.support.v4.view.accessibility.AccessibilityRecordCompat$AccessibilityRecordStubImpl: java.lang.CharSequence getClassName(java.lang.Object)
android.support.v4.view.accessibility.AccessibilityRecordCompat$AccessibilityRecordStubImpl: java.lang.CharSequence getContentDescription(java.lang.Object)
android.support.v4.view.accessibility.AccessibilityRecordCompat$AccessibilityRecordStubImpl: int getCurrentItemIndex(java.lang.Object)
android.support.v4.view.accessibility.AccessibilityRecordCompat$AccessibilityRecordStubImpl: int getFromIndex(java.lang.Object)
android.support.v4.view.accessibility.AccessibilityRecordCompat$AccessibilityRecordStubImpl: int getItemCount(java.lang.Object)
android.support.v4.view.accessibility.AccessibilityRecordCompatIcs
android.support.v4.view.accessibility.AccessibilityRecordCompatIcs: AccessibilityRecordCompatIcs()
android.support.v4.view.accessibility.AccessibilityRecordCompatIcs: java.lang.Object obtain()
android.support.v4.view.accessibility.AccessibilityRecordCompatIcs: java.lang.Object obtain(java.lang.Object)
android.support.v4.view.accessibility.AccessibilityRecordCompatIcs: int getAddedCount(java.lang.Object)
android.support.v4.view.accessibility.AccessibilityRecordCompatIcs: java.lang.CharSequence getBeforeText(java.lang.Object)
android.support.v4.view.accessibility.AccessibilityRecordCompatIcs: java.lang.CharSequence getClassName(java.lang.Object)
android.support.v4.view.accessibility.AccessibilityRecordCompatIcs: java.lang.CharSequence getContentDescription(java.lang.Object)
android.support.v4.view.accessibility.AccessibilityRecordCompatIcs: int getCurrentItemIndex(java.lang.Object)
android.support.v4.view.accessibility.AccessibilityRecordCompatIcs: int getFromIndex(java.lang.Object)
android.support.v4.view.accessibility.AccessibilityRecordCompatIcs: int getItemCount(java.lang.Object)
android.support.v4.view.accessibility.AccessibilityRecordCompatIcs: android.os.Parcelable getParcelableData(java.lang.Object)
android.support.v4.view.accessibility.AccessibilityRecordCompatIcs: int getRemovedCount(java.lang.Object)
android.support.v4.view.accessibility.AccessibilityRecordCompatIcsMr1
android.support.v4.view.accessibility.AccessibilityRecordCompatIcsMr1: AccessibilityRecordCompatIcsMr1()
android.support.v4.view.accessibility.AccessibilityRecordCompatIcsMr1: int getMaxScrollX(java.lang.Object)
android.support.v4.view.accessibility.AccessibilityRecordCompatIcsMr1: int getMaxScrollY(java.lang.Object)
android.support.v4.view.accessibility.AccessibilityRecordCompatIcsMr1: void setMaxScrollX(java.lang.Object,int)
android.support.v4.view.accessibility.AccessibilityRecordCompatIcsMr1: void setMaxScrollY(java.lang.Object,int)