proguard/mapping.txt
com.spicymango.fanfictionreader.BrowseMenu -> com.spicymango.fanfictionreader.BrowseMenu:
    boolean isCommunity -> a
    java.lang.String[] FANFIC_URLS -> b
    void onCreate(android.os.Bundle) -> onCreate
    void onItemClick(android.widget.AdapterView,android.view.View,int,long) -> onItemClick
    void setTitle() -> a
    boolean onCreateOptionsMenu(android.view.Menu) -> onCreateOptionsMenu
    boolean onOptionsItemSelected(android.view.MenuItem) -> onOptionsItemSelected
com.spicymango.fanfictionreader.LibraryDownloader -> com.spicymango.fanfictionreader.LibraryDownloader:
    java.util.regex.Pattern patternAttrib -> a
    java.util.regex.Pattern patternAuthor -> b
    int lastPage -> c
    long storyId -> d
    int storiesDownloaded -> e
    int[] $SWITCH_TABLE$com$spicymango$fanfictionreader$LibraryDownloader$Result -> f
    com.spicymango.fanfictionreader.LibraryDownloader$Result download() -> b
    long lastUpdated() -> c
    com.spicymango.fanfictionreader.util.Story parseDetails(org.jsoup.nodes.Document) -> a
    void onHandleIntent(android.content.Intent) -> onHandleIntent
    void download(android.content.Context,long,int) -> a
    void showNotification(java.lang.String,int,int) -> a
    void showErrorNotification() -> d
    void removeNoification() -> e
    void showCompletetionNotification() -> f
    int[] $SWITCH_TABLE$com$spicymango$fanfictionreader$LibraryDownloader$Result() -> a
com.spicymango.fanfictionreader.LibraryDownloader$Result -> com.spicymango.fanfictionreader.a:
    com.spicymango.fanfictionreader.LibraryDownloader$Result NO_CHANGE -> a
    com.spicymango.fanfictionreader.LibraryDownloader$Result ERROR -> b
    com.spicymango.fanfictionreader.LibraryDownloader$Result SUCCESS -> c
    com.spicymango.fanfictionreader.LibraryDownloader$Result[] ENUM$VALUES -> d
    com.spicymango.fanfictionreader.LibraryDownloader$Result[] values() -> values
    com.spicymango.fanfictionreader.LibraryDownloader$Result valueOf(java.lang.String) -> valueOf
com.spicymango.fanfictionreader.MainMenu -> com.spicymango.fanfictionreader.MainMenu:
    void onClick(android.content.DialogInterface,int) -> onClick
    void onItemClick(android.widget.AdapterView,android.view.View,int,long) -> onItemClick
    void onActivityResult(int,int,android.content.Intent) -> onActivityResult
    void onCreate(android.os.Bundle) -> onCreate
com.spicymango.fanfictionreader.MainMenu$MainMenuAdapter -> com.spicymango.fanfictionreader.b:
    int layoutResourceId -> a
    long getItemId(int) -> getItemId
    android.view.View getView(int,android.view.View,android.view.ViewGroup) -> getView
com.spicymango.fanfictionreader.MainMenu$MainMenuAdapter$MenuItemHolder -> com.spicymango.fanfictionreader.c:
    android.widget.ImageView imgIcon -> a
    android.widget.TextView txtTitle -> b
    void access$1(com.spicymango.fanfictionreader.MainMenu$MainMenuAdapter$MenuItemHolder,android.widget.ImageView) -> a
    void access$2(com.spicymango.fanfictionreader.MainMenu$MainMenuAdapter$MenuItemHolder,android.widget.TextView) -> a
    android.widget.TextView access$3(com.spicymango.fanfictionreader.MainMenu$MainMenuAdapter$MenuItemHolder) -> a
    android.widget.ImageView access$4(com.spicymango.fanfictionreader.MainMenu$MainMenuAdapter$MenuItemHolder) -> b
com.spicymango.fanfictionreader.MainMenu$MenuItem -> com.spicymango.fanfictionreader.d:
    int icon -> a
    java.lang.String title -> b
    int id -> c
    com.spicymango.fanfictionreader.MainMenu this$0 -> d
...
android.support.v7.app.ActionBarActivityDelegateICS$WindowCallbackWrapper -> android.support.v7.app.ActionBarActivityDelegateICS$WindowCallbackWrapper:
    android.view.Window$Callback mWrapped -> mWrapped
    android.support.v7.app.ActionBarActivityDelegateICS this$0 -> this$0
    boolean dispatchKeyEvent(android.view.KeyEvent) -> dispatchKeyEvent
    boolean dispatchKeyShortcutEvent(android.view.KeyEvent) -> dispatchKeyShortcutEvent
    boolean dispatchTouchEvent(android.view.MotionEvent) -> dispatchTouchEvent
    boolean dispatchTrackballEvent(android.view.MotionEvent) -> dispatchTrackballEvent
    boolean dispatchGenericMotionEvent(android.view.MotionEvent) -> dispatchGenericMotionEvent
    boolean dispatchPopulateAccessibilityEvent(android.view.accessibility.AccessibilityEvent) -> dispatchPopulateAccessibilityEvent
    android.view.View onCreatePanelView(int) -> onCreatePanelView
    boolean onCreatePanelMenu(int,android.view.Menu) -> onCreatePanelMenu
    boolean onPreparePanel(int,android.view.View,android.view.Menu) -> onPreparePanel
    boolean onMenuOpened(int,android.view.Menu) -> onMenuOpened
    boolean onMenuItemSelected(int,android.view.MenuItem) -> onMenuItemSelected
    void onWindowAttributesChanged(android.view.WindowManager$LayoutParams) -> onWindowAttributesChanged
    void onContentChanged() -> onContentChanged
    void onWindowFocusChanged(boolean) -> onWindowFocusChanged
    void onAttachedToWindow() -> onAttachedToWindow
android.support.v7.app.ActionBarActivityDelegateJB -> android.support.v7.app.ActionBarActivityDelegateJB:
    android.support.v7.app.ActionBar createSupportActionBar() -> createSupportActionBar
android.support.v7.app.ActionBarImplBase -> android.support.v7.app.ActionBarImplBase:
    android.content.Context mContext -> mContext
    android.content.Context mThemedContext -> mThemedContext
    android.support.v7.app.ActionBarActivity mActivity -> mActivity
    android.app.Dialog mDialog -> mDialog
    android.support.v7.internal.widget.ActionBarOverlayLayout mOverlayLayout -> mOverlayLayout
    android.support.v7.internal.widget.ActionBarContainer mContainerView -> mContainerView
    android.view.ViewGroup mTopVisibilityView -> mTopVisibilityView
    android.support.v7.internal.widget.ActionBarView mActionView -> mActionView
    android.support.v7.internal.widget.ActionBarContextView mContextView -> mContextView
    android.support.v7.internal.widget.ActionBarContainer mSplitView -> mSplitView
    android.view.View mContentView -> mContentView
    android.support.v7.internal.widget.ScrollingTabContainerView mTabScrollView -> mTabScrollView
    java.util.ArrayList mTabs -> mTabs
    android.support.v7.app.ActionBarImplBase$TabImpl mSelectedTab -> mSelectedTab
    int mSavedTabPosition -> mSavedTabPosition
    boolean mDisplayHomeAsUpSet -> mDisplayHomeAsUpSet
    android.support.v7.app.ActionBarImplBase$ActionModeImpl mActionMode -> mActionMode
    android.support.v7.view.ActionMode mDeferredDestroyActionMode -> mDeferredDestroyActionMode
    android.support.v7.view.ActionMode$Callback mDeferredModeDestroyCallback -> mDeferredModeDestroyCallback