proguard/usage.txt
com.spicymango.fanfictionreader.BrowseMenu:
    protected static final java.lang.String COMMUNITIES
com.spicymango.fanfictionreader.BuildConfig
com.spicymango.fanfictionreader.LibraryDownloader:
    public static final java.lang.String EXTRA_LAST_PAGE
    private static final java.lang.String EXTRA_UPDATE_NOT
    public static final java.lang.String EXTRA_STORY_ID
    private static final int NOTIFICATION_ID
com.spicymango.fanfictionreader.MainMenu:
    public static final java.lang.String EXTRA_PREF
    public static final java.lang.String EXTRA_RESUME_ID
    public static final java.lang.String EXTRA_RESUME_CHAPTER
    public static final java.lang.String EXTRA_RESUME_OFFSET
com.spicymango.fanfictionreader.R
com.spicymango.fanfictionreader.R$anim
com.spicymango.fanfictionreader.R$array
com.spicymango.fanfictionreader.R$attr
com.spicymango.fanfictionreader.R$bool
com.spicymango.fanfictionreader.R$color
com.spicymango.fanfictionreader.R$dimen
com.spicymango.fanfictionreader.R$drawable
com.spicymango.fanfictionreader.R$id
com.spicymango.fanfictionreader.R$integer
com.spicymango.fanfictionreader.R$layout
com.spicymango.fanfictionreader.R$menu
com.spicymango.fanfictionreader.R$plurals
com.spicymango.fanfictionreader.R$string
com.spicymango.fanfictionreader.R$style
com.spicymango.fanfictionreader.R$styleable
com.spicymango.fanfictionreader.R$xml
com.spicymango.fanfictionreader.activity.AuthorMenuActivity$AuthorLoader:
    private static final java.lang.String EXTRA_AUTHOR
com.spicymango.fanfictionreader.activity.CommunityMenuActivity$CommunityLoader:
    private static final java.lang.String STATE_SORT_BY
com.spicymango.fanfictionreader.activity.LibraryMenuActivity:
    private static final int LOADER_LIBRARY
com.spicymango.fanfictionreader.activity.NavigationMenuActivity:
    private static final int COMMUNITY_MENU
    private static final int CROSSOVER_MENU
    private static final java.lang.String FANFIC_AUTHORITY
    private static final int LOADER_MENU
    private static final int NORMAL_MENU
    private static final java.lang.String STATE_FILTER
    private static final java.lang.String STATE_LIST
    private static final java.lang.String STATE_SORT
    private static final int SUB_CATEGORY_MENU
com.spicymango.fanfictionreader.activity.StoryDisplayActivity:
    public static final java.lang.String EXTRA_OFFSET
com.spicymango.fanfictionreader.activity.StoryDisplayActivity$StoryLoader:
    private static final java.lang.String STATE_DATA
    private static final java.lang.String STATE_UPDATED
    private static final java.lang.String STATE_SCROLL
com.spicymango.fanfictionreader.activity.StoryMenuActivity:
    private static final java.lang.String FANFIC_AUTHORITY
    private static final int URI_COMMUNITY_MENU
    private static final int URI_CROSSOVER_MENU
    private static final int URI_JUST_IN_MENU
    private static final int URI_NORMAL_MENU
com.spicymango.fanfictionreader.activity.StoryMenuActivity$StoryLoader:
    private static final java.lang.String STATE_FILTER
    private static final java.lang.String STATE_FILTER_LIST
com.spicymango.fanfictionreader.dialogs.DetailDialog:
    public static final java.lang.String EXTRA_STORY
    public static final java.lang.String EXTRA_AUTHOR
com.spicymango.fanfictionreader.filter.FilterDialog:
    public static final int RESULT_CODE
    public static final java.lang.String RESULT
    9:9:public FilterDialog()
com.spicymango.fanfictionreader.filter.FilterMenu:
    private static final java.lang.String STATE_SPINNER
    protected static final java.lang.String EXTRA_FILTER
    protected static final java.lang.String EXTRA_KEYSET
    protected static final java.lang.String EXTRA_VALUES
com.spicymango.fanfictionreader.provider.DatabaseHelper:
    private static final int DATABASE_VERSION
    private static final java.lang.String DATABASE_NAME
    protected static final java.lang.String TABLE_LIBRARY
...
org.jsoup.Connection:
    public abstract org.jsoup.Connection url(java.net.URL)
    public abstract org.jsoup.Connection userAgent(java.lang.String)
    public abstract org.jsoup.Connection timeout(int)
    public abstract org.jsoup.Connection maxBodySize(int)
    public abstract org.jsoup.Connection referrer(java.lang.String)
    public abstract org.jsoup.Connection followRedirects(boolean)
    public abstract org.jsoup.Connection method(org.jsoup.Connection$Method)
    public abstract org.jsoup.Connection ignoreHttpErrors(boolean)
    public abstract org.jsoup.Connection ignoreContentType(boolean)
    public abstract org.jsoup.Connection data(java.lang.String,java.lang.String)
    public abstract org.jsoup.Connection data(java.util.Collection)
    public abstract org.jsoup.Connection data(java.util.Map)
    public varargs abstract org.jsoup.Connection data(java.lang.String[])
    public abstract org.jsoup.Connection header(java.lang.String,java.lang.String)
    public abstract org.jsoup.Connection cookie(java.lang.String,java.lang.String)
    public abstract org.jsoup.Connection cookies(java.util.Map)
    public abstract org.jsoup.Connection parser(org.jsoup.parser.Parser)
    public abstract org.jsoup.nodes.Document post()
    public abstract org.jsoup.Connection$Response execute()
    public abstract org.jsoup.Connection$Request request()
    public abstract org.jsoup.Connection request(org.jsoup.Connection$Request)
org.jsoup.Connection$Base:
    public abstract java.lang.String header(java.lang.String)
    public abstract org.jsoup.Connection$Base header(java.lang.String,java.lang.String)
    public abstract boolean hasHeader(java.lang.String)
    public abstract org.jsoup.Connection$Base removeHeader(java.lang.String)
    public abstract java.lang.String cookie(java.lang.String)
    public abstract boolean hasCookie(java.lang.String)
    public abstract org.jsoup.Connection$Base removeCookie(java.lang.String)
org.jsoup.Connection$KeyVal:
    public abstract org.jsoup.Connection$KeyVal key(java.lang.String)
    public abstract org.jsoup.Connection$KeyVal value(java.lang.String)
org.jsoup.Connection$Request:
    public abstract org.jsoup.Connection$Request timeout(int)
    public abstract org.jsoup.Connection$Request maxBodySize(int)
    public abstract org.jsoup.Connection$Request followRedirects(boolean)
    public abstract org.jsoup.Connection$Request ignoreHttpErrors(boolean)
    public abstract org.jsoup.Connection$Request ignoreContentType(boolean)
    public abstract org.jsoup.Connection$Request data(org.jsoup.Connection$KeyVal)
    public abstract org.jsoup.Connection$Request parser(org.jsoup.parser.Parser)
org.jsoup.Connection$Response:
    public abstract int statusCode()
    public abstract java.lang.String statusMessage()
    public abstract java.lang.String charset()
    public abstract java.lang.String contentType()
    public abstract java.lang.String body()
    public abstract byte[] bodyAsBytes()
org.jsoup.HttpStatusException:
    19:19:public int getStatusCode()
    23:23:public java.lang.String getUrl()